<?xml version="1.0" encoding="UTF-8"?>
<coverage generated="1715882879124" clover="3.2.0">
  <project timestamp="1715882879124" name="All files">
    <metrics statements="39" coveredstatements="30" conditionals="6" coveredconditionals="4" methods="6" coveredmethods="4" elements="51" coveredelements="38" complexity="0" loc="39" ncloc="39" packages="1" files="3" classes="3"/>
    <file name="HelloService.ts" path="C:\Users\erayz\OneDrive\Desktop\Webframework\src\HelloService.ts">
      <metrics statements="1" coveredstatements="0" conditionals="0" coveredconditionals="0" methods="1" coveredmethods="0"/>
      <line num="3" count="0" type="stmt"/>
    </file>
    <file name="Human.ts" path="C:\Users\erayz\OneDrive\Desktop\Webframework\src\Human.ts">
      <metrics statements="2" coveredstatements="2" conditionals="0" coveredconditionals="0" methods="0" coveredmethods="0"/>
      <line num="9" count="1" type="stmt"/>
      <line num="15" count="1" type="stmt"/>
    </file>
    <file name="app.ts" path="C:\Users\erayz\OneDrive\Desktop\Webframework\src\app.ts">
      <metrics statements="36" coveredstatements="28" conditionals="6" coveredconditionals="4" methods="5" coveredmethods="4"/>
      <line num="7" count="1" type="stmt"/>
      <line num="8" count="1" type="stmt"/>
      <line num="9" count="1" type="stmt"/>
      <line num="12" count="1" type="stmt"/>
      <line num="16" count="1" type="stmt"/>
      <line num="17" count="0" type="stmt"/>
      <line num="18" count="0" type="stmt"/>
      <line num="21" count="1" type="stmt"/>
      <line num="22" count="5" type="stmt"/>
      <line num="23" count="5" type="stmt"/>
      <line num="24" count="5" type="stmt"/>
      <line num="25" count="5" type="stmt"/>
      <line num="26" count="5" type="stmt"/>
      <line num="28" count="0" type="stmt"/>
      <line num="32" count="1" type="stmt"/>
      <line num="33" count="2" type="stmt"/>
      <line num="34" count="2" type="stmt"/>
      <line num="35" count="2" type="cond" truecount="2" falsecount="0"/>
      <line num="36" count="1" type="stmt"/>
      <line num="38" count="1" type="stmt"/>
      <line num="40" count="0" type="stmt"/>
      <line num="44" count="1" type="stmt"/>
      <line num="45" count="1" type="stmt"/>
      <line num="46" count="1" type="stmt"/>
      <line num="47" count="1" type="stmt"/>
      <line num="52" count="1" type="cond" truecount="1" falsecount="1"/>
      <line num="53" count="0" type="stmt"/>
      <line num="55" count="1" type="stmt"/>
      <line num="57" count="0" type="stmt"/>
      <line num="61" count="1" type="stmt"/>
      <line num="62" count="1" type="stmt"/>
      <line num="63" count="1" type="stmt"/>
      <line num="64" count="1" type="cond" truecount="1" falsecount="1"/>
      <line num="65" count="0" type="stmt"/>
      <line num="67" count="1" type="stmt"/>
      <line num="69" count="0" type="stmt"/>
    </file>
  </project>
</coverage>
