{"C:\\Users\\erayz\\OneDrive\\Desktop\\Webframework\\src\\HelloService.ts": {"path":"C:\\Users\\erayz\\OneDrive\\Desktop\\Webframework\\src\\HelloService.ts","statementMap":{"0":{"start":{"line":3,"column":8},"end":{"line":3,"column":30}},"1":{"start":{"line":1,"column":0},"end":{"line":1,"column":13}}},"fnMap":{"0":{"name":"(anonymous_0)","decl":{"start":{"line":2,"column":4},"end":{"line":2,"column":19}},"loc":{"start":{"line":2,"column":19},"end":{"line":4,"column":5}}}},"branchMap":{},"s":{"0":0,"1":1},"f":{"0":0},"b":{}}
,"C:\\Users\\erayz\\OneDrive\\Desktop\\Webframework\\src\\Human.ts": {"path":"C:\\Users\\erayz\\OneDrive\\Desktop\\Webframework\\src\\Human.ts","statementMap":{"0":{"start":{"line":1,"column":0},"end":{"line":1,"column":54}},"1":{"start":{"line":9,"column":28},"end":{"line":13,"column":2}},"2":{"start":{"line":15,"column":14},"end":{"line":15,"column":58}},"3":{"start":{"line":17,"column":9},"end":{"line":17,"column":14}}},"fnMap":{},"branchMap":{},"s":{"0":1,"1":1,"2":1,"3":1},"f":{},"b":{}}
,"C:\\Users\\erayz\\OneDrive\\Desktop\\Webframework\\src\\app.ts": {"path":"C:\\Users\\erayz\\OneDrive\\Desktop\\Webframework\\src\\app.ts","statementMap":{"0":{"start":{"line":1,"column":0},"end":{"line":1,"column":30}},"1":{"start":{"line":3,"column":0},"end":{"line":3,"column":37}},"2":{"start":{"line":4,"column":0},"end":{"line":4,"column":46}},"3":{"start":{"line":5,"column":0},"end":{"line":5,"column":32}},"4":{"start":{"line":7,"column":12},"end":{"line":7,"column":21}},"5":{"start":{"line":8,"column":13},"end":{"line":8,"column":17}},"6":{"start":{"line":9,"column":21},"end":{"line":9,"column":39}},"7":{"start":{"line":12,"column":0},"end":{"line":12,"column":27}},"8":{"start":{"line":16,"column":0},"end":{"line":19,"column":3}},"9":{"start":{"line":17,"column":18},"end":{"line":17,"column":48}},"10":{"start":{"line":18,"column":2},"end":{"line":18,"column":33}},"11":{"start":{"line":21,"column":0},"end":{"line":30,"column":3}},"12":{"start":{"line":22,"column":2},"end":{"line":29,"column":3}},"13":{"start":{"line":23,"column":38},"end":{"line":23,"column":46}},"14":{"start":{"line":24,"column":18},"end":{"line":24,"column":54}},"15":{"start":{"line":25,"column":19},"end":{"line":25,"column":37}},"16":{"start":{"line":26,"column":4},"end":{"line":26,"column":33}},"17":{"start":{"line":28,"column":4},"end":{"line":28,"column":43}},"18":{"start":{"line":32,"column":0},"end":{"line":42,"column":3}},"19":{"start":{"line":33,"column":2},"end":{"line":41,"column":3}},"20":{"start":{"line":34,"column":18},"end":{"line":34,"column":53}},"21":{"start":{"line":35,"column":4},"end":{"line":37,"column":5}},"22":{"start":{"line":36,"column":6},"end":{"line":36,"column":64}},"23":{"start":{"line":38,"column":4},"end":{"line":38,"column":32}},"24":{"start":{"line":40,"column":4},"end":{"line":40,"column":42}},"25":{"start":{"line":44,"column":0},"end":{"line":59,"column":3}},"26":{"start":{"line":45,"column":2},"end":{"line":58,"column":3}},"27":{"start":{"line":46,"column":38},"end":{"line":46,"column":46}},"28":{"start":{"line":47,"column":18},"end":{"line":50,"column":null}},"29":{"start":{"line":52,"column":4},"end":{"line":54,"column":5}},"30":{"start":{"line":53,"column":6},"end":{"line":53,"column":64}},"31":{"start":{"line":55,"column":4},"end":{"line":55,"column":32}},"32":{"start":{"line":57,"column":4},"end":{"line":57,"column":42}},"33":{"start":{"line":61,"column":0},"end":{"line":71,"column":3}},"34":{"start":{"line":62,"column":2},"end":{"line":70,"column":3}},"35":{"start":{"line":63,"column":18},"end":{"line":63,"column":62}},"36":{"start":{"line":64,"column":4},"end":{"line":66,"column":5}},"37":{"start":{"line":65,"column":6},"end":{"line":65,"column":64}},"38":{"start":{"line":67,"column":4},"end":{"line":67,"column":68}},"39":{"start":{"line":69,"column":4},"end":{"line":69,"column":43}},"40":{"start":{"line":75,"column":0},"end":{"line":75,"column":19}}},"fnMap":{"0":{"name":"(anonymous_1)","decl":{"start":{"line":16,"column":13},"end":{"line":16,"column":14}},"loc":{"start":{"line":16,"column":26},"end":{"line":19,"column":1}}},"1":{"name":"(anonymous_2)","decl":{"start":{"line":21,"column":19},"end":{"line":21,"column":24}},"loc":{"start":{"line":21,"column":38},"end":{"line":30,"column":1}}},"2":{"name":"(anonymous_3)","decl":{"start":{"line":32,"column":22},"end":{"line":32,"column":27}},"loc":{"start":{"line":32,"column":41},"end":{"line":42,"column":1}}},"3":{"name":"(anonymous_4)","decl":{"start":{"line":44,"column":22},"end":{"line":44,"column":27}},"loc":{"start":{"line":44,"column":41},"end":{"line":59,"column":1}}},"4":{"name":"(anonymous_5)","decl":{"start":{"line":61,"column":25},"end":{"line":61,"column":30}},"loc":{"start":{"line":61,"column":44},"end":{"line":71,"column":1}}}},"branchMap":{"0":{"loc":{"start":{"line":35,"column":4},"end":{"line":37,"column":5}},"type":"if","locations":[{"start":{"line":35,"column":4},"end":{"line":37,"column":5}}]},"1":{"loc":{"start":{"line":52,"column":4},"end":{"line":54,"column":5}},"type":"if","locations":[{"start":{"line":52,"column":4},"end":{"line":54,"column":5}}]},"2":{"loc":{"start":{"line":64,"column":4},"end":{"line":66,"column":5}},"type":"if","locations":[{"start":{"line":64,"column":4},"end":{"line":66,"column":5}}]}},"s":{"0":1,"1":1,"2":1,"3":1,"4":1,"5":1,"6":1,"7":1,"8":1,"9":0,"10":0,"11":1,"12":5,"13":5,"14":5,"15":5,"16":5,"17":0,"18":1,"19":2,"20":2,"21":2,"22":1,"23":1,"24":0,"25":1,"26":1,"27":1,"28":1,"29":1,"30":0,"31":1,"32":0,"33":1,"34":1,"35":1,"36":1,"37":0,"38":1,"39":0,"40":1},"f":{"0":0,"1":5,"2":2,"3":1,"4":1},"b":{"0":[1],"1":[0],"2":[0]}}
}
