{"C:\\Users\\erayz\\OneDrive\\Desktop\\Webframework\\src\\HelloService.ts": {"path":"C:\\Users\\erayz\\OneDrive\\Desktop\\Webframework\\src\\HelloService.ts","statementMap":{"0":{"start":{"line":3,"column":8},"end":{"line":3,"column":30}},"1":{"start":{"line":1,"column":0},"end":{"line":1,"column":13}}},"fnMap":{"0":{"name":"(anonymous_0)","decl":{"start":{"line":2,"column":4},"end":{"line":2,"column":19}},"loc":{"start":{"line":2,"column":19},"end":{"line":4,"column":5}}}},"branchMap":{},"s":{"0":0,"1":1},"f":{"0":0},"b":{}}
,"C:\\Users\\erayz\\OneDrive\\Desktop\\Webframework\\src\\Human.ts": {"path":"C:\\Users\\erayz\\OneDrive\\Desktop\\Webframework\\src\\Human.ts","statementMap":{"0":{"start":{"line":1,"column":0},"end":{"line":1,"column":54}},"1":{"start":{"line":9,"column":28},"end":{"line":13,"column":2}},"2":{"start":{"line":15,"column":14},"end":{"line":15,"column":58}},"3":{"start":{"line":17,"column":9},"end":{"line":17,"column":14}}},"fnMap":{},"branchMap":{},"s":{"0":1,"1":1,"2":1,"3":1},"f":{},"b":{}}
,"C:\\Users\\erayz\\OneDrive\\Desktop\\Webframework\\src\\app.ts": {"path":"C:\\Users\\erayz\\OneDrive\\Desktop\\Webframework\\src\\app.ts","statementMap":{"0":{"start":{"line":1,"column":0},"end":{"line":1,"column":30}},"1":{"start":{"line":3,"column":0},"end":{"line":3,"column":37}},"2":{"start":{"line":4,"column":0},"end":{"line":4,"column":46}},"3":{"start":{"line":5,"column":0},"end":{"line":5,"column":32}},"4":{"start":{"line":7,"column":12},"end":{"line":7,"column":21}},"5":{"start":{"line":8,"column":13},"end":{"line":8,"column":17}},"6":{"start":{"line":9,"column":21},"end":{"line":9,"column":39}},"7":{"start":{"line":12,"column":0},"end":{"line":12,"column":27}},"8":{"start":{"line":16,"column":0},"end":{"line":19,"column":3}},"9":{"start":{"line":17,"column":18},"end":{"line":17,"column":48}},"10":{"start":{"line":18,"column":2},"end":{"line":18,"column":33}},"11":{"start":{"line":21,"column":0},"end":{"line":30,"column":3}},"12":{"start":{"line":21,"column":38},"end":{"line":30,"column":2}},"13":{"start":{"line":22,"column":2},"end":{"line":29,"column":3}},"14":{"start":{"line":23,"column":38},"end":{"line":23,"column":46}},"15":{"start":{"line":24,"column":18},"end":{"line":24,"column":54}},"16":{"start":{"line":25,"column":19},"end":{"line":25,"column":37}},"17":{"start":{"line":26,"column":4},"end":{"line":26,"column":33}},"18":{"start":{"line":28,"column":4},"end":{"line":28,"column":43}},"19":{"start":{"line":32,"column":0},"end":{"line":42,"column":3}},"20":{"start":{"line":32,"column":41},"end":{"line":42,"column":2}},"21":{"start":{"line":33,"column":2},"end":{"line":41,"column":3}},"22":{"start":{"line":34,"column":18},"end":{"line":34,"column":53}},"23":{"start":{"line":35,"column":4},"end":{"line":37,"column":5}},"24":{"start":{"line":36,"column":6},"end":{"line":36,"column":64}},"25":{"start":{"line":38,"column":4},"end":{"line":38,"column":32}},"26":{"start":{"line":40,"column":4},"end":{"line":40,"column":42}},"27":{"start":{"line":44,"column":0},"end":{"line":59,"column":3}},"28":{"start":{"line":44,"column":41},"end":{"line":59,"column":2}},"29":{"start":{"line":45,"column":2},"end":{"line":58,"column":3}},"30":{"start":{"line":46,"column":38},"end":{"line":46,"column":46}},"31":{"start":{"line":47,"column":18},"end":{"line":50,"column":null}},"32":{"start":{"line":52,"column":4},"end":{"line":54,"column":5}},"33":{"start":{"line":53,"column":6},"end":{"line":53,"column":64}},"34":{"start":{"line":55,"column":4},"end":{"line":55,"column":32}},"35":{"start":{"line":57,"column":4},"end":{"line":57,"column":42}},"36":{"start":{"line":61,"column":0},"end":{"line":71,"column":3}},"37":{"start":{"line":61,"column":44},"end":{"line":71,"column":2}},"38":{"start":{"line":62,"column":2},"end":{"line":70,"column":3}},"39":{"start":{"line":63,"column":18},"end":{"line":63,"column":62}},"40":{"start":{"line":64,"column":4},"end":{"line":66,"column":5}},"41":{"start":{"line":65,"column":6},"end":{"line":65,"column":64}},"42":{"start":{"line":67,"column":4},"end":{"line":67,"column":68}},"43":{"start":{"line":69,"column":4},"end":{"line":69,"column":43}},"44":{"start":{"line":75,"column":0},"end":{"line":75,"column":19}}},"fnMap":{"0":{"name":"(anonymous_8)","decl":{"start":{"line":16,"column":13},"end":{"line":16,"column":14}},"loc":{"start":{"line":16,"column":26},"end":{"line":19,"column":1}}},"1":{"name":"(anonymous_9)","decl":{"start":{"line":21,"column":19},"end":{"line":21,"column":26}},"loc":{"start":{"line":21,"column":38},"end":{"line":30,"column":2}}},"2":{"name":"(anonymous_10)","decl":{"start":{"line":21,"column":38},"end":{"line":21,"column":null}},"loc":{"start":{"line":21,"column":38},"end":{"line":30,"column":1}}},"3":{"name":"(anonymous_11)","decl":{"start":{"line":32,"column":22},"end":{"line":32,"column":29}},"loc":{"start":{"line":32,"column":41},"end":{"line":42,"column":2}}},"4":{"name":"(anonymous_12)","decl":{"start":{"line":32,"column":41},"end":{"line":32,"column":null}},"loc":{"start":{"line":32,"column":41},"end":{"line":42,"column":1}}},"5":{"name":"(anonymous_13)","decl":{"start":{"line":44,"column":22},"end":{"line":44,"column":29}},"loc":{"start":{"line":44,"column":41},"end":{"line":59,"column":2}}},"6":{"name":"(anonymous_14)","decl":{"start":{"line":44,"column":41},"end":{"line":44,"column":null}},"loc":{"start":{"line":44,"column":41},"end":{"line":59,"column":1}}},"7":{"name":"(anonymous_15)","decl":{"start":{"line":61,"column":25},"end":{"line":61,"column":32}},"loc":{"start":{"line":61,"column":44},"end":{"line":71,"column":2}}},"8":{"name":"(anonymous_16)","decl":{"start":{"line":61,"column":44},"end":{"line":61,"column":null}},"loc":{"start":{"line":61,"column":44},"end":{"line":71,"column":1}}}},"branchMap":{"0":{"loc":{"start":{"line":35,"column":4},"end":{"line":37,"column":5}},"type":"if","locations":[{"start":{"line":35,"column":4},"end":{"line":37,"column":5}}]},"1":{"loc":{"start":{"line":52,"column":4},"end":{"line":54,"column":5}},"type":"if","locations":[{"start":{"line":52,"column":4},"end":{"line":54,"column":5}}]},"2":{"loc":{"start":{"line":64,"column":4},"end":{"line":66,"column":5}},"type":"if","locations":[{"start":{"line":64,"column":4},"end":{"line":66,"column":5}}]}},"s":{"0":1,"1":1,"2":1,"3":1,"4":1,"5":1,"6":1,"7":1,"8":1,"9":0,"10":0,"11":1,"12":0,"13":0,"14":0,"15":0,"16":0,"17":0,"18":0,"19":1,"20":0,"21":0,"22":0,"23":0,"24":0,"25":0,"26":0,"27":1,"28":0,"29":0,"30":0,"31":0,"32":0,"33":0,"34":0,"35":0,"36":1,"37":0,"38":0,"39":0,"40":0,"41":0,"42":0,"43":0,"44":1},"f":{"0":0,"1":0,"2":0,"3":0,"4":0,"5":0,"6":0,"7":0,"8":0},"b":{"0":[0],"1":[0],"2":[0]}}
}
