TN:
SF:src\HelloService.ts
FN:2,(anonymous_0)
FNF:1
FNH:0
FNDA:0,(anonymous_0)
DA:3,0
LF:1
LH:0
BRF:0
BRH:0
end_of_record
TN:
SF:src\Human.ts
FNF:0
FNH:0
DA:9,1
DA:15,1
LF:2
LH:2
BRF:0
BRH:0
end_of_record
TN:
SF:src\app.ts
FN:16,(anonymous_0)
FN:21,(anonymous_1)
FN:32,(anonymous_2)
FN:44,(anonymous_3)
FN:61,(anonymous_4)
FNF:5
FNH:4
FNDA:0,(anonymous_0)
FNDA:5,(anonymous_1)
FNDA:2,(anonymous_2)
FNDA:1,(anonymous_3)
FNDA:1,(anonymous_4)
DA:7,1
DA:8,1
DA:9,1
DA:12,1
DA:16,1
DA:17,0
DA:18,0
DA:21,1
DA:22,5
DA:23,5
DA:24,5
DA:25,5
DA:26,5
DA:28,0
DA:32,1
DA:33,2
DA:34,2
DA:35,2
DA:36,1
DA:38,1
DA:40,0
DA:44,1
DA:45,1
DA:46,1
DA:47,1
DA:52,1
DA:53,0
DA:55,1
DA:57,0
DA:61,1
DA:62,1
DA:63,1
DA:64,1
DA:65,0
DA:67,1
DA:69,0
LF:36
LH:28
BRDA:35,0,0,1
BRDA:35,0,1,1
BRDA:52,1,0,0
BRDA:52,1,1,1
BRDA:64,2,0,0
BRDA:64,2,1,1
BRF:6
BRH:4
end_of_record
